info it worked if it ends with ok
verbose cli [ 'node',
verbose cli   '/usr/local/bin/npm',
verbose cli   'install',
verbose cli   'your_mom_is_a_bitch' ]
info using npm@1.0.24
info using node@v0.4.10
verbose config file /Users/james/.npmrc
verbose config file /usr/local/etc/npmrc
silly testEngine { name: 'lintnode',
silly testEngine   version: '0.1.1',
silly testEngine   description: 'A JSLint server for more expedient linting.',
silly testEngine   homepage: 'http://github.com/keturn/lintnode',
silly testEngine   author: { name: 'Kevin Turner', url: 'http://keturn.net/' },
silly testEngine   dependencies: 
silly testEngine    { express: '>=1.0.0rc3 <2.0.0',
silly testEngine      haml: '>=0.2.0',
silly testEngine      'connect-form': '>= 0.1.2' },
silly testEngine   engines: [ 'node >= 0.2.0', node: ' >= 0.2.0' ],
silly testEngine   _npmJsonOpts: 
silly testEngine    { file: '/Users/james/emacs/keturn-lintnode/package.json',
silly testEngine      wscript: false,
silly testEngine      contributors: false,
silly testEngine      serverjs: false },
silly testEngine   _id: 'lintnode@0.1.1',
silly testEngine   devDependencies: {},
silly testEngine   _engineSupported: true,
silly testEngine   _npmVersion: '1.0.24',
silly testEngine   _nodeVersion: 'v0.4.10',
silly testEngine   _defaultsLoaded: true }
verbose caching /Users/james/emacs/keturn-lintnode/package.json
verbose loadDefaults lintnode@0.1.1
verbose from cache /Users/james/emacs/keturn-lintnode/package.json
verbose into /Users/james/emacs/keturn-lintnode [ 'your_mom_is_a_bitch' ]
verbose cache add your_mom_is_a_bitch
verbose cache add [ 'your_mom_is_a_bitch', null ]
verbose parsed url { pathname: 'your_mom_is_a_bitch',
verbose parsed url   href: 'your_mom_is_a_bitch' }
info addNamed [ 'your_mom_is_a_bitch', '' ]
verbose addNamed [ null, '' ]
verbose GET your_mom_is_a_bitch
verbose raw, before any munging your_mom_is_a_bitch
verbose url resolving [ 'https://registry.npmjs.org/',
verbose url resolving   './your_mom_is_a_bitch' ]
verbose url resolved https://registry.npmjs.org/your_mom_is_a_bitch
verbose url parsed { protocol: 'https:',
verbose url parsed   slashes: true,
verbose url parsed   host: 'registry.npmjs.org',
verbose url parsed   hostname: 'registry.npmjs.org',
verbose url parsed   href: 'https://registry.npmjs.org/your_mom_is_a_bitch',
verbose url parsed   pathname: '/your_mom_is_a_bitch' }
verbose response https://registry.npmjs.org/your_mom_is_a_bitch
silly chunk {"error":"not_found","reason":"document not found"}
silly chunk 
silly get cb [ 404,
silly get cb   { server: 'CouchDB/1.1.0 (Erlang OTP/R14B03)',
silly get cb     date: 'Mon, 15 Aug 2011 02:42:12 GMT',
silly get cb     'content-type': 'application/json',
silly get cb     'content-length': '52',
silly get cb     'cache-control': 'must-revalidate' } ]
ERR! 404 'your_mom_is_a_bitch' is not in the npm registry.
ERR! 404 You should bug the author to publish it.
ERR! 404 Note that you can also install from a tarball or folder.
ERR! 
ERR! System Darwin 10.8.0
ERR! command "node" "/usr/local/bin/npm" "install" "your_mom_is_a_bitch"
ERR! cwd /Users/james/emacs/keturn-lintnode
ERR! node -v v0.4.10
ERR! npm -v 1.0.24
verbose exit [ 1, true ]
